This is pdfTeX, Version 3.14159265-2.6-1.40.21 (TeX Live 2020/Debian) (preloaded format=pdflatex 2021.2.5)  24 MAR 2021 18:47
entering extended mode
 restricted \write18 enabled.
 %&-line parsing enabled.
**report.tex
(./report.tex
LaTeX2e <2020-02-02> patch level 5
L3 programming layer <2020-07-17>
(/usr/share/texlive/texmf-dist/tex/latex/base/report.cls
Document Class: report 2019/12/20 v1.4l Standard LaTeX document class
(/usr/share/texlive/texmf-dist/tex/latex/base/size11.clo
File: size11.clo 2019/12/20 v1.4l Standard LaTeX file (size option)
)
\c@part=\count168
\c@chapter=\count169
\c@section=\count170
\c@subsection=\count171
\c@subsubsection=\count172
\c@paragraph=\count173
\c@subparagraph=\count174
\c@figure=\count175
\c@table=\count176
\abovecaptionskip=\skip47
\belowcaptionskip=\skip48
\bibindent=\dimen134
)
(/usr/share/texlive/texmf-dist/tex/latex/graphics/graphicx.sty
Package: graphicx 2019/11/30 v1.2a Enhanced LaTeX Graphics (DPC,SPQR)

(/usr/share/texlive/texmf-dist/tex/latex/graphics/keyval.sty
Package: keyval 2014/10/28 v1.15 key=value parser (DPC)
\KV@toks@=\toks15
)
(/usr/share/texlive/texmf-dist/tex/latex/graphics/graphics.sty
Package: graphics 2019/11/30 v1.4a Standard LaTeX Graphics (DPC,SPQR)

(/usr/share/texlive/texmf-dist/tex/latex/graphics/trig.sty
Package: trig 2016/01/03 v1.10 sin cos tan (DPC)
)
(/usr/share/texlive/texmf-dist/tex/latex/graphics-cfg/graphics.cfg
File: graphics.cfg 2016/06/04 v1.11 sample graphics configuration
)
Package graphics Info: Driver file: pdftex.def on input line 105.

(/usr/share/texlive/texmf-dist/tex/latex/graphics-def/pdftex.def
File: pdftex.def 2018/01/08 v1.0l Graphics/color driver for pdftex
))
\Gin@req@height=\dimen135
\Gin@req@width=\dimen136
)
(/usr/share/texlive/texmf-dist/tex/latex/geometry/geometry.sty
Package: geometry 2020/01/02 v5.9 Page Geometry

(/usr/share/texlive/texmf-dist/tex/generic/iftex/ifvtex.sty
Package: ifvtex 2019/10/25 v1.7 ifvtex legacy package. Use iftex instead.

(/usr/share/texlive/texmf-dist/tex/generic/iftex/iftex.sty
Package: iftex 2020/03/06 v1.0d TeX engine tests
))
\Gm@cnth=\count177
\Gm@cntv=\count178
\c@Gm@tempcnt=\count179
\Gm@bindingoffset=\dimen137
\Gm@wd@mp=\dimen138
\Gm@odd@mp=\dimen139
\Gm@even@mp=\dimen140
\Gm@layoutwidth=\dimen141
\Gm@layoutheight=\dimen142
\Gm@layouthoffset=\dimen143
\Gm@layoutvoffset=\dimen144
\Gm@dimlist=\toks16
)
(/usr/share/texlive/texmf-dist/tex/latex/caption/caption.sty
Package: caption 2020/05/30 v3.4k Customizing captions (AR)

(/usr/share/texlive/texmf-dist/tex/latex/caption/caption3.sty
Package: caption3 2020/07/20 v1.12b caption3 kernel (AR)
Package caption3 Info: TeX engine: e-TeX on input line 61.
\captionmargin=\dimen145
\captionmargin@=\dimen146
\captionwidth=\dimen147
\caption@tempdima=\dimen148
\caption@indent=\dimen149
\caption@parindent=\dimen150
\caption@hangindent=\dimen151
Package caption Info: Standard document class detected.
)
\c@caption@flags=\count180
\c@continuedfloat=\count181
)
(/usr/share/texlive/texmf-dist/tex/latex/l3backend/l3backend-pdfmode.def
File: l3backend-pdfmode.def 2020-06-29 L3 backend support: PDF mode
\l__kernel_color_stack_int=\count182
\l__pdf_internal_box=\box45
)
(./report.aux)
\openout1 = `report.aux'.

LaTeX Font Info:    Checking defaults for OML/cmm/m/it on input line 14.
LaTeX Font Info:    ... okay on input line 14.
LaTeX Font Info:    Checking defaults for OMS/cmsy/m/n on input line 14.
LaTeX Font Info:    ... okay on input line 14.
LaTeX Font Info:    Checking defaults for OT1/cmr/m/n on input line 14.
LaTeX Font Info:    ... okay on input line 14.
LaTeX Font Info:    Checking defaults for T1/cmr/m/n on input line 14.
LaTeX Font Info:    ... okay on input line 14.
LaTeX Font Info:    Checking defaults for TS1/cmr/m/n on input line 14.
LaTeX Font Info:    ... okay on input line 14.
LaTeX Font Info:    Checking defaults for OMX/cmex/m/n on input line 14.
LaTeX Font Info:    ... okay on input line 14.
LaTeX Font Info:    Checking defaults for U/cmr/m/n on input line 14.
LaTeX Font Info:    ... okay on input line 14.

(/usr/share/texlive/texmf-dist/tex/context/base/mkii/supp-pdf.mkii
[Loading MPS to PDF converter (version 2006.09.02).]
\scratchcounter=\count183
\scratchdimen=\dimen152
\scratchbox=\box46
\nofMPsegments=\count184
\nofMParguments=\count185
\everyMPshowfont=\toks17
\MPscratchCnt=\count186
\MPscratchDim=\dimen153
\MPnumerator=\count187
\makeMPintoPDFobject=\count188
\everyMPtoPDFconversion=\toks18
) (/usr/share/texlive/texmf-dist/tex/latex/epstopdf-pkg/epstopdf-base.sty
Package: epstopdf-base 2020-01-24 v2.11 Base part for package epstopdf
Package epstopdf-base Info: Redefining graphics rule for `.eps' on input line 4
85.

(/usr/share/texlive/texmf-dist/tex/latex/latexconfig/epstopdf-sys.cfg
File: epstopdf-sys.cfg 2010/07/13 v1.3 Configuration of (r)epstopdf for TeX Liv
e
))
*geometry* driver: auto-detecting
*geometry* detected driver: pdftex
*geometry* verbose mode - [ preamble ] result:
* driver: pdftex
* paper: <default>
* layout: <same size as paper>
* layoutoffset:(h,v)=(0.0pt,0.0pt)
* modes: 
* h-part:(L,W,R)=(72.26999pt, 469.75502pt, 72.26999pt)
* v-part:(T,H,B)=(72.26999pt, 650.43001pt, 72.26999pt)
* \paperwidth=614.295pt
* \paperheight=794.96999pt
* \textwidth=469.75502pt
* \textheight=650.43001pt
* \oddsidemargin=0.0pt
* \evensidemargin=0.0pt
* \topmargin=-37.0pt
* \headheight=12.0pt
* \headsep=25.0pt
* \topskip=11.0pt
* \footskip=30.0pt
* \marginparwidth=59.0pt
* \marginparsep=10.0pt
* \columnsep=10.0pt
* \skip\footins=10.0pt plus 4.0pt minus 2.0pt
* \hoffset=0.0pt
* \voffset=0.0pt
* \mag=1000
* \@twocolumnfalse
* \@twosidefalse
* \@mparswitchfalse
* \@reversemarginfalse
* (1in=72.27pt=25.4mm, 1cm=28.453pt)

Package caption Info: Begin \AtBeginDocument code.
Package caption Info: End \AtBeginDocument code.
LaTeX Font Info:    External font `cmex10' loaded for size
(Font)              <12> on input line 15.
LaTeX Font Info:    External font `cmex10' loaded for size
(Font)              <8> on input line 15.
LaTeX Font Info:    External font `cmex10' loaded for size
(Font)              <6> on input line 15.

LaTeX Warning: No \author given.

[1

{/var/lib/texmf/fonts/map/pdftex/updmap/pdftex.map}]
LaTeX Font Info:    External font `cmex10' loaded for size
(Font)              <10.95> on input line 23.
 [1]
Underfull \hbox (badness 10000) in paragraph at lines 52--54

 []


Underfull \hbox (badness 10000) in paragraph at lines 55--68

 []

<../outputhandling/timestable.png, id=15, 412.6617pt x 179.2296pt>
File: ../outputhandling/timestable.png Graphic file (type png)
<use ../outputhandling/timestable.png>
Package pdftex.def Info: ../outputhandling/timestable.png  used on input line 7
0.
(pdftex.def)             Requested size: 247.59892pt x 107.53857pt.

Overfull \hbox (12.72142pt too wide) in paragraph at lines 70--71
[][] 
 []

<../outputhandling/speedupstable.png, id=17, 412.6617pt x 179.2296pt>
File: ../outputhandling/speedupstable.png Graphic file (type png)
<use ../outputhandling/speedupstable.png>
Package pdftex.def Info: ../outputhandling/speedupstable.png  used on input lin
e 75.
(pdftex.def)             Requested size: 247.59892pt x 107.53857pt.

Overfull \hbox (12.72142pt too wide) in paragraph at lines 75--76
[][] 
 []


Overfull \hbox (19.43332pt too wide) in paragraph at lines 69--78
[]$[]$  $[]$ 
 []

<../outputhandling/speedups.png, id=18, 462.528pt x 346.896pt>
File: ../outputhandling/speedups.png Graphic file (type png)
<use ../outputhandling/speedups.png>
Package pdftex.def Info: ../outputhandling/speedups.png  used on input line 80.

(pdftex.def)             Requested size: 234.8775pt x 176.15768pt.
<../outputhandling/singlepeedup.png, id=19, 462.528pt x 346.896pt>
File: ../outputhandling/singlepeedup.png Graphic file (type png)
<use ../outputhandling/singlepeedup.png>
Package pdftex.def Info: ../outputhandling/singlepeedup.png  used on input line
 85.
(pdftex.def)             Requested size: 234.8775pt x 176.15768pt.

Overfull \hbox (19.43332pt too wide) in paragraph at lines 79--88
[]$[]$  $[]$ 
 []

[2 <../outputhandling/timestable.png> <../outputhandling/speedupstable.png>]
<../outputhandling/singlepeedupsecond.png, id=27, 462.528pt x 346.896pt>
File: ../outputhandling/singlepeedupsecond.png Graphic file (type png)
<use ../outputhandling/singlepeedupsecond.png>
Package pdftex.def Info: ../outputhandling/singlepeedupsecond.png  used on inpu
t line 90.
(pdftex.def)             Requested size: 234.8775pt x 176.15768pt.
<../outputhandling/phaseperime.png, id=28, 462.528pt x 346.896pt>
File: ../outputhandling/phaseperime.png Graphic file (type png)
<use ../outputhandling/phaseperime.png>
Package pdftex.def Info: ../outputhandling/phaseperime.png  used on input line 
95.
(pdftex.def)             Requested size: 234.8775pt x 176.15768pt.
<../outputhandling/phaseperimesecond.png, id=29, 462.528pt x 346.896pt>
File: ../outputhandling/phaseperimesecond.png Graphic file (type png)
<use ../outputhandling/phaseperimesecond.png>
Package pdftex.def Info: ../outputhandling/phaseperimesecond.png  used on input
 line 100.
(pdftex.def)             Requested size: 234.8775pt x 176.15768pt.

Overfull \hbox (19.43332pt too wide) in paragraph at lines 94--103
[]$[]$  $[]$ 
 []

<../outputhandling/phasetotaltime.png, id=30, 462.528pt x 346.896pt>
File: ../outputhandling/phasetotaltime.png Graphic file (type png)
<use ../outputhandling/phasetotaltime.png>
Package pdftex.def Info: ../outputhandling/phasetotaltime.png  used on input li
ne 105.
(pdftex.def)             Requested size: 234.8775pt x 176.15768pt.
<../outputhandling/phasetotaltimesecond.png, id=31, 462.528pt x 346.896pt>
File: ../outputhandling/phasetotaltimesecond.png Graphic file (type png)
<use ../outputhandling/phasetotaltimesecond.png>
Package pdftex.def Info: ../outputhandling/phasetotaltimesecond.png  used on in
put line 110.
(pdftex.def)             Requested size: 234.8775pt x 176.15768pt.

Overfull \hbox (19.43332pt too wide) in paragraph at lines 104--113
[]$[]$  $[]$ 
 []

[3 <../outputhandling/speedups.png> <../outputhandling/singlepeedup.png> <../ou
tputhandling/singlepeedupsecond.png> <../outputhandling/phaseperime.png> <../ou
tputhandling/phaseperimesecond.png>]
<../outputhandling/localtimestable.png, id=40, 412.6617pt x 179.2296pt>
File: ../outputhandling/localtimestable.png Graphic file (type png)
<use ../outputhandling/localtimestable.png>
Package pdftex.def Info: ../outputhandling/localtimestable.png  used on input l
ine 121.
(pdftex.def)             Requested size: 247.59892pt x 107.53857pt.

Overfull \hbox (12.72142pt too wide) in paragraph at lines 121--122
[][] 
 []

<../outputhandling/localspeedupstable.png, id=41, 412.6617pt x 179.2296pt>
File: ../outputhandling/localspeedupstable.png Graphic file (type png)
<use ../outputhandling/localspeedupstable.png>
Package pdftex.def Info: ../outputhandling/localspeedupstable.png  used on inpu
t line 126.
(pdftex.def)             Requested size: 247.59892pt x 107.53857pt.

Overfull \hbox (12.72142pt too wide) in paragraph at lines 126--127
[][] 
 []


Overfull \hbox (19.43332pt too wide) in paragraph at lines 120--129
[]$[]$  $[]$ 
 []

<../outputhandling/localspeedups.png, id=42, 462.528pt x 346.896pt>
File: ../outputhandling/localspeedups.png Graphic file (type png)
<use ../outputhandling/localspeedups.png>
Package pdftex.def Info: ../outputhandling/localspeedups.png  used on input lin
e 131.
(pdftex.def)             Requested size: 234.8775pt x 176.15768pt.
<../outputhandling/localsinglepeedup.png, id=43, 462.528pt x 346.896pt>
File: ../outputhandling/localsinglepeedup.png Graphic file (type png)
<use ../outputhandling/localsinglepeedup.png>
Package pdftex.def Info: ../outputhandling/localsinglepeedup.png  used on input
 line 136.
(pdftex.def)             Requested size: 234.8775pt x 176.15768pt.

Overfull \hbox (19.43332pt too wide) in paragraph at lines 130--139
[]$[]$  $[]$ 
 []

<../outputhandling/localsinglepeedupsecond.png, id=44, 462.528pt x 346.896pt>
File: ../outputhandling/localsinglepeedupsecond.png Graphic file (type png)
<use ../outputhandling/localsinglepeedupsecond.png>
Package pdftex.def Info: ../outputhandling/localsinglepeedupsecond.png  used on
 input line 141.
(pdftex.def)             Requested size: 234.8775pt x 176.15768pt.
[4 <../outputhandling/phasetotaltime.png> <../outputhandling/phasetotaltimeseco
nd.png> <../outputhandling/localtimestable.png> <../outputhandling/localspeedup
stable.png> <../outputhandling/localspeedups.png> <../outputhandling/localsingl
epeedup.png>]
<../outputhandling/localphaseperime.png, id=54, 462.528pt x 346.896pt>
File: ../outputhandling/localphaseperime.png Graphic file (type png)
<use ../outputhandling/localphaseperime.png>
Package pdftex.def Info: ../outputhandling/localphaseperime.png  used on input 
line 146.
(pdftex.def)             Requested size: 234.8775pt x 176.15768pt.
<../outputhandling/localphaseperimesecond.png, id=55, 462.528pt x 346.896pt>
File: ../outputhandling/localphaseperimesecond.png Graphic file (type png)
<use ../outputhandling/localphaseperimesecond.png>
Package pdftex.def Info: ../outputhandling/localphaseperimesecond.png  used on 
input line 151.
(pdftex.def)             Requested size: 234.8775pt x 176.15768pt.

Overfull \hbox (19.43332pt too wide) in paragraph at lines 145--154
[]$[]$  $[]$ 
 []

<../outputhandling/localphasetotaltime.png, id=56, 462.528pt x 346.896pt>
File: ../outputhandling/localphasetotaltime.png Graphic file (type png)
<use ../outputhandling/localphasetotaltime.png>
Package pdftex.def Info: ../outputhandling/localphasetotaltime.png  used on inp
ut line 156.
(pdftex.def)             Requested size: 234.8775pt x 176.15768pt.
<../outputhandling/localphasetotaltimesecond.png, id=57, 462.528pt x 346.896pt>

File: ../outputhandling/localphasetotaltimesecond.png Graphic file (type png)
<use ../outputhandling/localphasetotaltimesecond.png>
Package pdftex.def Info: ../outputhandling/localphasetotaltimesecond.png  used 
on input line 161.
(pdftex.def)             Requested size: 234.8775pt x 176.15768pt.

Overfull \hbox (19.43332pt too wide) in paragraph at lines 155--164
[]$[]$  $[]$ 
 []

[5 <../outputhandling/localsinglepeedupsecond.png> <../outputhandling/localphas
eperime.png> <../outputhandling/localphaseperimesecond.png> <../outputhandling/
localphasetotaltime.png> <../outputhandling/localphasetotaltimesecond.png>]
Underfull \hbox (badness 10000) in paragraph at lines 171--176

 []

[6] (./report.aux) ) 
Here is how much of TeX's memory you used:
 2968 strings out of 482811
 49993 string characters out of 5955741
 288394 words of memory out of 5000000
 18321 multiletter control sequences out of 15000+600000
 540735 words of font info for 48 fonts, out of 8000000 for 9000
 36 hyphenation exceptions out of 8191
 38i,7n,43p,996b,317s stack positions out of 5000i,500n,10000p,200000b,80000s
</usr/share/texlive/texmf-dist/fonts/type1/public/amsfonts/
cm/cmbx10.pfb></usr/share/texlive/texmf-dist/fonts/type1/public/amsfonts/cm/cmb
x12.pfb></usr/share/texlive/texmf-dist/fonts/type1/public/amsfonts/cm/cmmi10.pf
b></usr/share/texlive/texmf-dist/fonts/type1/public/amsfonts/cm/cmr10.pfb></usr
/share/texlive/texmf-dist/fonts/type1/public/amsfonts/cm/cmr12.pfb></usr/share/
texlive/texmf-dist/fonts/type1/public/amsfonts/cm/cmr17.pfb></usr/share/texlive
/texmf-dist/fonts/type1/public/amsfonts/cm/cmsy10.pfb></usr/share/texlive/texmf
-dist/fonts/type1/public/amsfonts/cm/cmtt10.pfb>
Output written on report.pdf (7 pages, 511715 bytes).
PDF statistics:
 97 PDF objects out of 1000 (max. 8388607)
 43 compressed objects within 1 object stream
 0 named destinations out of 1000 (max. 500000)
 91 words of extra memory for PDF output out of 10000 (max. 10000000)

